<?xml version="1.0" encoding="UTF-8"?>
<!-- Generated by org.testng.reporters.JUnitXMLReporter -->
<testsuite ignored="0" hostname="XATLCAMP26209" failures="0" tests="2" name="Command line test" time="20.355" errors="0" timestamp="2022-05-25T23:55:45 EDT">
  <testcase classname="com.spg.qa.testcases.HomePageTest" name="consoleOutputTextTest" time="10.102"/>
  <testcase classname="com.spg.qa.testcases.HomePageTest" name="validateLoginWindowAppeared" time="3.159"/>
</testsuite> <!-- Command line test -->
