<?xml version="1.0" encoding="UTF-8"?>
<testng-results ignored="0" total="2" passed="2" failed="0" skipped="0">
  <reporter-output>
  </reporter-output>
  <suite started-at="2022-05-25T23:55:25 EDT" name="com.spg.qa.testcases.HomePageTest" finished-at="2022-05-25T23:55:45 EDT" duration-ms="20355">
    <groups>
    </groups>
    <test started-at="2022-05-25T23:55:25 EDT" name="Command line test" finished-at="2022-05-25T23:55:45 EDT" duration-ms="20355">
      <class name="com.spg.qa.testcases.HomePageTest">
        <test-method is-config="true" signature="setUp()[pri:0, instance:com.spg.qa.testcases.HomePageTest@6a78afa0]" started-at="2022-05-25T23:55:25 EDT" name="setUp" finished-at="2022-05-25T23:55:29 EDT" duration-ms="3558" status="PASS">
          <reporter-output>
          </reporter-output>
        </test-method> <!-- setUp -->
        <test-method signature="consoleOutputTextTest()[pri:0, instance:com.spg.qa.testcases.HomePageTest@6a78afa0]" started-at="2022-05-25T23:55:29 EDT" name="consoleOutputTextTest" finished-at="2022-05-25T23:55:39 EDT" duration-ms="10102" status="PASS">
          <reporter-output>
          </reporter-output>
        </test-method> <!-- consoleOutputTextTest -->
        <test-method is-config="true" signature="tearDown()[pri:0, instance:com.spg.qa.testcases.HomePageTest@6a78afa0]" started-at="2022-05-25T23:55:39 EDT" name="tearDown" finished-at="2022-05-25T23:55:39 EDT" duration-ms="663" status="PASS">
          <reporter-output>
          </reporter-output>
        </test-method> <!-- tearDown -->
        <test-method is-config="true" signature="setUp()[pri:0, instance:com.spg.qa.testcases.HomePageTest@6a78afa0]" started-at="2022-05-25T23:55:39 EDT" name="setUp" finished-at="2022-05-25T23:55:42 EDT" duration-ms="2208" status="PASS">
          <reporter-output>
          </reporter-output>
        </test-method> <!-- setUp -->
        <test-method signature="validateLoginWindowAppeared()[pri:0, instance:com.spg.qa.testcases.HomePageTest@6a78afa0]" started-at="2022-05-25T23:55:42 EDT" name="validateLoginWindowAppeared" finished-at="2022-05-25T23:55:45 EDT" duration-ms="3159" status="PASS">
          <reporter-output>
          </reporter-output>
        </test-method> <!-- validateLoginWindowAppeared -->
        <test-method is-config="true" signature="tearDown()[pri:0, instance:com.spg.qa.testcases.HomePageTest@6a78afa0]" started-at="2022-05-25T23:55:45 EDT" name="tearDown" finished-at="2022-05-25T23:55:45 EDT" duration-ms="636" status="PASS">
          <reporter-output>
          </reporter-output>
        </test-method> <!-- tearDown -->
      </class> <!-- com.spg.qa.testcases.HomePageTest -->
    </test> <!-- Command line test -->
  </suite> <!-- com.spg.qa.testcases.HomePageTest -->
</testng-results>
